{"C:\\Softwares\\code\\BodhiBookingService\\src\\app.js": {"path":"C:\\Softwares\\code\\BodhiBookingService\\src\\app.js","statementMap":{"0":{"start":{"line":1,"column":15},"end":{"line":1,"column":48}},"1":{"start":{"line":2,"column":15},"end":{"line":2,"column":34}},"2":{"start":{"line":3,"column":16},"end":{"line":3,"column":34}},"3":{"start":{"line":4,"column":12},"end":{"line":4,"column":21}},"4":{"start":{"line":5,"column":0},"end":{"line":5,"column":27}},"5":{"start":{"line":6,"column":13},"end":{"line":6,"column":37}},"6":{"start":{"line":7,"column":18},"end":{"line":7,"column":47}},"7":{"start":{"line":8,"column":24},"end":{"line":8,"column":49}},"8":{"start":{"line":9,"column":0},"end":{"line":9,"column":24}},"9":{"start":{"line":10,"column":0},"end":{"line":10,"column":92}},"10":{"start":{"line":11,"column":0},"end":{"line":11,"column":40}},"11":{"start":{"line":12,"column":0},"end":{"line":18,"column":3}},"12":{"start":{"line":13,"column":2},"end":{"line":17,"column":3}},"13":{"start":{"line":14,"column":19},"end":{"line":16,"column":6}},"14":{"start":{"line":15,"column":6},"end":{"line":15,"column":55}},"15":{"start":{"line":20,"column":0},"end":{"line":20,"column":21}}},"fnMap":{"0":{"name":"(anonymous_0)","decl":{"start":{"line":12,"column":29},"end":{"line":12,"column":30}},"loc":{"start":{"line":12,"column":35},"end":{"line":18,"column":1}},"line":12},"1":{"name":"(anonymous_1)","decl":{"start":{"line":14,"column":36},"end":{"line":14,"column":37}},"loc":{"start":{"line":14,"column":48},"end":{"line":16,"column":5}},"line":14}},"branchMap":{"0":{"loc":{"start":{"line":6,"column":13},"end":{"line":6,"column":37}},"type":"binary-expr","locations":[{"start":{"line":6,"column":13},"end":{"line":6,"column":29}},{"start":{"line":6,"column":33},"end":{"line":6,"column":37}}],"line":6},"1":{"loc":{"start":{"line":13,"column":2},"end":{"line":17,"column":3}},"type":"if","locations":[{"start":{"line":13,"column":2},"end":{"line":17,"column":3}},{"start":{"line":13,"column":2},"end":{"line":17,"column":3}}],"line":13}},"s":{"0":1,"1":1,"2":1,"3":1,"4":1,"5":1,"6":1,"7":1,"8":1,"9":1,"10":1,"11":1,"12":1,"13":0,"14":0,"15":1},"f":{"0":1,"1":0},"b":{"0":[1,0],"1":[0,1]},"_coverageSchema":"1a1c01bbd47fc00a2c39e90264f33305004495a9","hash":"b061f46fda441c3131cd737f3ca63309ab09fcdc"}
,"C:\\Softwares\\code\\BodhiBookingService\\src\\constants\\constants.js": {"path":"C:\\Softwares\\code\\BodhiBookingService\\src\\constants\\constants.js","statementMap":{"0":{"start":{"line":1,"column":15},"end":{"line":7,"column":1}},"1":{"start":{"line":8,"column":14},"end":{"line":13,"column":1}},"2":{"start":{"line":14,"column":0},"end":{"line":14,"column":35}}},"fnMap":{},"branchMap":{},"s":{"0":1,"1":1,"2":1},"f":{},"b":{},"_coverageSchema":"1a1c01bbd47fc00a2c39e90264f33305004495a9","hash":"4dd21093c3444374a0df40a8f387c7019cfccb88"}
,"C:\\Softwares\\code\\BodhiBookingService\\src\\controller\\booking.controller.js": {"path":"C:\\Softwares\\code\\BodhiBookingService\\src\\controller\\booking.controller.js","statementMap":{"0":{"start":{"line":1,"column":16},"end":{"line":1,"column":34}},"1":{"start":{"line":2,"column":15},"end":{"line":2,"column":31}},"2":{"start":{"line":3,"column":14},"end":{"line":3,"column":30}},"3":{"start":{"line":4,"column":13},"end":{"line":4,"column":42}},"4":{"start":{"line":5,"column":54},"end":{"line":5,"column":91}},"5":{"start":{"line":7,"column":0},"end":{"line":23,"column":3}},"6":{"start":{"line":8,"column":2},"end":{"line":22,"column":5}},"7":{"start":{"line":9,"column":4},"end":{"line":21,"column":5}},"8":{"start":{"line":10,"column":23},"end":{"line":10,"column":34}},"9":{"start":{"line":11,"column":6},"end":{"line":17,"column":8}},"10":{"start":{"line":12,"column":8},"end":{"line":16,"column":9}},"11":{"start":{"line":13,"column":10},"end":{"line":13,"column":39}},"12":{"start":{"line":15,"column":10},"end":{"line":15,"column":38}},"13":{"start":{"line":19,"column":6},"end":{"line":19,"column":37}},"14":{"start":{"line":20,"column":6},"end":{"line":20,"column":34}},"15":{"start":{"line":25,"column":0},"end":{"line":44,"column":2}},"16":{"start":{"line":26,"column":2},"end":{"line":43,"column":5}},"17":{"start":{"line":27,"column":4},"end":{"line":42,"column":5}},"18":{"start":{"line":28,"column":6},"end":{"line":28,"column":61}},"19":{"start":{"line":29,"column":23},"end":{"line":29,"column":34}},"20":{"start":{"line":31,"column":6},"end":{"line":38,"column":8}},"21":{"start":{"line":32,"column":8},"end":{"line":37,"column":9}},"22":{"start":{"line":33,"column":10},"end":{"line":33,"column":39}},"23":{"start":{"line":36,"column":10},"end":{"line":36,"column":38}},"24":{"start":{"line":40,"column":6},"end":{"line":40,"column":37}},"25":{"start":{"line":41,"column":6},"end":{"line":41,"column":34}},"26":{"start":{"line":46,"column":0},"end":{"line":65,"column":3}},"27":{"start":{"line":47,"column":2},"end":{"line":47,"column":66}},"28":{"start":{"line":48,"column":2},"end":{"line":64,"column":4}},"29":{"start":{"line":49,"column":4},"end":{"line":63,"column":5}},"30":{"start":{"line":50,"column":6},"end":{"line":50,"column":61}},"31":{"start":{"line":51,"column":23},"end":{"line":51,"column":34}},"32":{"start":{"line":52,"column":6},"end":{"line":59,"column":8}},"33":{"start":{"line":53,"column":8},"end":{"line":58,"column":9}},"34":{"start":{"line":54,"column":10},"end":{"line":54,"column":27}},"35":{"start":{"line":57,"column":10},"end":{"line":57,"column":38}},"36":{"start":{"line":61,"column":6},"end":{"line":61,"column":37}},"37":{"start":{"line":62,"column":6},"end":{"line":62,"column":34}},"38":{"start":{"line":68,"column":16},"end":{"line":68,"column":47}},"39":{"start":{"line":69,"column":2},"end":{"line":79,"column":4}},"40":{"start":{"line":76,"column":4},"end":{"line":76,"column":29}},"41":{"start":{"line":78,"column":4},"end":{"line":78,"column":20}},"42":{"start":{"line":83,"column":0},"end":{"line":83,"column":24}}},"fnMap":{"0":{"name":"(anonymous_0)","decl":{"start":{"line":7,"column":23},"end":{"line":7,"column":24}},"loc":{"start":{"line":7,"column":37},"end":{"line":23,"column":1}},"line":7},"1":{"name":"(anonymous_1)","decl":{"start":{"line":8,"column":19},"end":{"line":8,"column":20}},"loc":{"start":{"line":8,"column":38},"end":{"line":22,"column":3}},"line":8},"2":{"name":"(anonymous_2)","decl":{"start":{"line":11,"column":40},"end":{"line":11,"column":41}},"loc":{"start":{"line":11,"column":59},"end":{"line":17,"column":7}},"line":11},"3":{"name":"(anonymous_3)","decl":{"start":{"line":25,"column":22},"end":{"line":25,"column":23}},"loc":{"start":{"line":25,"column":36},"end":{"line":44,"column":1}},"line":25},"4":{"name":"(anonymous_4)","decl":{"start":{"line":26,"column":19},"end":{"line":26,"column":20}},"loc":{"start":{"line":26,"column":38},"end":{"line":43,"column":3}},"line":26},"5":{"name":"(anonymous_5)","decl":{"start":{"line":31,"column":40},"end":{"line":31,"column":41}},"loc":{"start":{"line":31,"column":59},"end":{"line":38,"column":7}},"line":31},"6":{"name":"(anonymous_6)","decl":{"start":{"line":46,"column":21},"end":{"line":46,"column":22}},"loc":{"start":{"line":46,"column":35},"end":{"line":65,"column":1}},"line":46},"7":{"name":"(anonymous_7)","decl":{"start":{"line":48,"column":19},"end":{"line":48,"column":20}},"loc":{"start":{"line":48,"column":38},"end":{"line":64,"column":3}},"line":48},"8":{"name":"(anonymous_8)","decl":{"start":{"line":52,"column":51},"end":{"line":52,"column":52}},"loc":{"start":{"line":52,"column":70},"end":{"line":59,"column":7}},"line":52},"9":{"name":"getUserInfo","decl":{"start":{"line":67,"column":9},"end":{"line":67,"column":20}},"loc":{"start":{"line":67,"column":36},"end":{"line":80,"column":1}},"line":67},"10":{"name":"(anonymous_10)","decl":{"start":{"line":75,"column":10},"end":{"line":75,"column":11}},"loc":{"start":{"line":75,"column":24},"end":{"line":77,"column":3}},"line":75},"11":{"name":"(anonymous_11)","decl":{"start":{"line":77,"column":11},"end":{"line":77,"column":12}},"loc":{"start":{"line":77,"column":22},"end":{"line":79,"column":3}},"line":77}},"branchMap":{"0":{"loc":{"start":{"line":9,"column":4},"end":{"line":21,"column":5}},"type":"if","locations":[{"start":{"line":9,"column":4},"end":{"line":21,"column":5}},{"start":{"line":9,"column":4},"end":{"line":21,"column":5}}],"line":9},"1":{"loc":{"start":{"line":12,"column":8},"end":{"line":16,"column":9}},"type":"if","locations":[{"start":{"line":12,"column":8},"end":{"line":16,"column":9}},{"start":{"line":12,"column":8},"end":{"line":16,"column":9}}],"line":12},"2":{"loc":{"start":{"line":27,"column":4},"end":{"line":42,"column":5}},"type":"if","locations":[{"start":{"line":27,"column":4},"end":{"line":42,"column":5}},{"start":{"line":27,"column":4},"end":{"line":42,"column":5}}],"line":27},"3":{"loc":{"start":{"line":32,"column":8},"end":{"line":37,"column":9}},"type":"if","locations":[{"start":{"line":32,"column":8},"end":{"line":37,"column":9}},{"start":{"line":32,"column":8},"end":{"line":37,"column":9}}],"line":32},"4":{"loc":{"start":{"line":49,"column":4},"end":{"line":63,"column":5}},"type":"if","locations":[{"start":{"line":49,"column":4},"end":{"line":63,"column":5}},{"start":{"line":49,"column":4},"end":{"line":63,"column":5}}],"line":49},"5":{"loc":{"start":{"line":53,"column":8},"end":{"line":58,"column":9}},"type":"if","locations":[{"start":{"line":53,"column":8},"end":{"line":58,"column":9}},{"start":{"line":53,"column":8},"end":{"line":58,"column":9}}],"line":53}},"s":{"0":1,"1":1,"2":1,"3":1,"4":1,"5":1,"6":4,"7":4,"8":4,"9":4,"10":4,"11":2,"12":2,"13":0,"14":0,"15":1,"16":2,"17":2,"18":2,"19":2,"20":2,"21":2,"22":1,"23":1,"24":0,"25":0,"26":1,"27":1,"28":1,"29":1,"30":1,"31":1,"32":1,"33":1,"34":1,"35":0,"36":0,"37":0,"38":7,"39":7,"40":7,"41":0,"42":1},"f":{"0":4,"1":4,"2":4,"3":2,"4":2,"5":2,"6":1,"7":1,"8":1,"9":7,"10":7,"11":0},"b":{"0":[4,0],"1":[2,2],"2":[2,0],"3":[1,1],"4":[1,0],"5":[1,0]},"_coverageSchema":"1a1c01bbd47fc00a2c39e90264f33305004495a9","hash":"35075a9f15ffe5eac574a9931eb38758c54eea1f"}
,"C:\\Softwares\\code\\BodhiBookingService\\src\\controller\\health.js": {"path":"C:\\Softwares\\code\\BodhiBookingService\\src\\controller\\health.js","statementMap":{"0":{"start":{"line":1,"column":16},"end":{"line":1,"column":34}},"1":{"start":{"line":2,"column":15},"end":{"line":2,"column":31}},"2":{"start":{"line":4,"column":0},"end":{"line":6,"column":3}},"3":{"start":{"line":5,"column":2},"end":{"line":5,"column":34}},"4":{"start":{"line":8,"column":0},"end":{"line":8,"column":24}}},"fnMap":{"0":{"name":"(anonymous_0)","decl":{"start":{"line":4,"column":22},"end":{"line":4,"column":23}},"loc":{"start":{"line":4,"column":45},"end":{"line":6,"column":1}},"line":4}},"branchMap":{},"s":{"0":1,"1":1,"2":1,"3":1,"4":1},"f":{"0":1},"b":{},"_coverageSchema":"1a1c01bbd47fc00a2c39e90264f33305004495a9","hash":"a2c95b39234196783429005eedda9e3a9b443470"}
,"C:\\Softwares\\code\\BodhiBookingService\\src\\controller\\routes.js": {"path":"C:\\Softwares\\code\\BodhiBookingService\\src\\controller\\routes.js","statementMap":{"0":{"start":{"line":1,"column":16},"end":{"line":1,"column":34}},"1":{"start":{"line":2,"column":15},"end":{"line":2,"column":31}},"2":{"start":{"line":3,"column":16},"end":{"line":3,"column":47}},"3":{"start":{"line":4,"column":13},"end":{"line":4,"column":32}},"4":{"start":{"line":5,"column":0},"end":{"line":5,"column":32}},"5":{"start":{"line":6,"column":0},"end":{"line":6,"column":22}},"6":{"start":{"line":8,"column":0},"end":{"line":8,"column":24}}},"fnMap":{},"branchMap":{},"s":{"0":1,"1":1,"2":1,"3":1,"4":1,"5":1,"6":1},"f":{},"b":{},"_coverageSchema":"1a1c01bbd47fc00a2c39e90264f33305004495a9","hash":"59cfb47ecbdf222424373dd69ae25406cee84d70"}
,"C:\\Softwares\\code\\BodhiBookingService\\src\\middleware\\auth.js": {"path":"C:\\Softwares\\code\\BodhiBookingService\\src\\middleware\\auth.js","statementMap":{"0":{"start":{"line":1,"column":0},"end":{"line":7,"column":1}},"1":{"start":{"line":2,"column":16},"end":{"line":2,"column":77}},"2":{"start":{"line":3,"column":2},"end":{"line":3,"column":32}},"3":{"start":{"line":4,"column":2},"end":{"line":4,"column":79}},"4":{"start":{"line":4,"column":14},"end":{"line":4,"column":79}},"5":{"start":{"line":5,"column":2},"end":{"line":5,"column":41}},"6":{"start":{"line":6,"column":2},"end":{"line":6,"column":9}}},"fnMap":{"0":{"name":"(anonymous_0)","decl":{"start":{"line":1,"column":17},"end":{"line":1,"column":18}},"loc":{"start":{"line":1,"column":43},"end":{"line":7,"column":1}},"line":1}},"branchMap":{"0":{"loc":{"start":{"line":2,"column":16},"end":{"line":2,"column":77}},"type":"binary-expr","locations":[{"start":{"line":2,"column":16},"end":{"line":2,"column":45}},{"start":{"line":2,"column":49},"end":{"line":2,"column":77}}],"line":2},"1":{"loc":{"start":{"line":4,"column":2},"end":{"line":4,"column":79}},"type":"if","locations":[{"start":{"line":4,"column":2},"end":{"line":4,"column":79}},{"start":{"line":4,"column":2},"end":{"line":4,"column":79}}],"line":4}},"s":{"0":1,"1":6,"2":6,"3":6,"4":0,"5":6,"6":6},"f":{"0":6},"b":{"0":[6,6],"1":[0,6]},"_coverageSchema":"1a1c01bbd47fc00a2c39e90264f33305004495a9","hash":"09bda774f3b0427a75ee81931bffeb6a353fe7ea"}
,"C:\\Softwares\\code\\BodhiBookingService\\src\\models\\booking.js": {"path":"C:\\Softwares\\code\\BodhiBookingService\\src\\models\\booking.js","statementMap":{"0":{"start":{"line":2,"column":54},"end":{"line":2,"column":87}},"1":{"start":{"line":3,"column":0},"end":{"line":18,"column":2}},"2":{"start":{"line":4,"column":18},"end":{"line":14,"column":8}},"3":{"start":{"line":15,"column":2},"end":{"line":16,"column":4}},"4":{"start":{"line":17,"column":2},"end":{"line":17,"column":17}}},"fnMap":{"0":{"name":"(anonymous_0)","decl":{"start":{"line":3,"column":17},"end":{"line":3,"column":18}},"loc":{"start":{"line":3,"column":43},"end":{"line":18,"column":1}},"line":3},"1":{"name":"(anonymous_1)","decl":{"start":{"line":15,"column":22},"end":{"line":15,"column":23}},"loc":{"start":{"line":15,"column":40},"end":{"line":16,"column":3}},"line":15}},"branchMap":{},"s":{"0":1,"1":1,"2":1,"3":1,"4":1},"f":{"0":1,"1":1},"b":{},"_coverageSchema":"1a1c01bbd47fc00a2c39e90264f33305004495a9","hash":"e8397c9013d15fadbe4f42422b98964f90856cd1"}
,"C:\\Softwares\\code\\BodhiBookingService\\src\\models\\index.js": {"path":"C:\\Softwares\\code\\BodhiBookingService\\src\\models\\index.js","statementMap":{"0":{"start":{"line":3,"column":11},"end":{"line":3,"column":24}},"1":{"start":{"line":4,"column":13},"end":{"line":4,"column":28}},"2":{"start":{"line":5,"column":18},"end":{"line":5,"column":38}},"3":{"start":{"line":6,"column":17},"end":{"line":6,"column":42}},"4":{"start":{"line":7,"column":12},"end":{"line":7,"column":41}},"5":{"start":{"line":8,"column":15},"end":{"line":8,"column":65}},"6":{"start":{"line":9,"column":11},"end":{"line":9,"column":13}},"7":{"start":{"line":12,"column":0},"end":{"line":16,"column":1}},"8":{"start":{"line":13,"column":2},"end":{"line":13,"column":74}},"9":{"start":{"line":15,"column":2},"end":{"line":15,"column":87}},"10":{"start":{"line":18,"column":0},"end":{"line":26,"column":5}},"11":{"start":{"line":21,"column":4},"end":{"line":21,"column":90}},"12":{"start":{"line":24,"column":18},"end":{"line":24,"column":65}},"13":{"start":{"line":25,"column":4},"end":{"line":25,"column":27}},"14":{"start":{"line":28,"column":0},"end":{"line":32,"column":3}},"15":{"start":{"line":29,"column":2},"end":{"line":31,"column":3}},"16":{"start":{"line":30,"column":4},"end":{"line":30,"column":32}},"17":{"start":{"line":34,"column":0},"end":{"line":34,"column":25}},"18":{"start":{"line":35,"column":0},"end":{"line":35,"column":25}},"19":{"start":{"line":37,"column":0},"end":{"line":37,"column":20}}},"fnMap":{"0":{"name":"(anonymous_0)","decl":{"start":{"line":20,"column":10},"end":{"line":20,"column":11}},"loc":{"start":{"line":20,"column":18},"end":{"line":22,"column":3}},"line":20},"1":{"name":"(anonymous_1)","decl":{"start":{"line":23,"column":11},"end":{"line":23,"column":12}},"loc":{"start":{"line":23,"column":19},"end":{"line":26,"column":3}},"line":23},"2":{"name":"(anonymous_2)","decl":{"start":{"line":28,"column":24},"end":{"line":28,"column":25}},"loc":{"start":{"line":28,"column":37},"end":{"line":32,"column":1}},"line":28}},"branchMap":{"0":{"loc":{"start":{"line":7,"column":12},"end":{"line":7,"column":41}},"type":"binary-expr","locations":[{"start":{"line":7,"column":12},"end":{"line":7,"column":32}},{"start":{"line":7,"column":36},"end":{"line":7,"column":41}}],"line":7},"1":{"loc":{"start":{"line":12,"column":0},"end":{"line":16,"column":1}},"type":"if","locations":[{"start":{"line":12,"column":0},"end":{"line":16,"column":1}},{"start":{"line":12,"column":0},"end":{"line":16,"column":1}}],"line":12},"2":{"loc":{"start":{"line":21,"column":11},"end":{"line":21,"column":89}},"type":"binary-expr","locations":[{"start":{"line":21,"column":12},"end":{"line":21,"column":35}},{"start":{"line":21,"column":41},"end":{"line":21,"column":58}},{"start":{"line":21,"column":64},"end":{"line":21,"column":88}}],"line":21},"3":{"loc":{"start":{"line":29,"column":2},"end":{"line":31,"column":3}},"type":"if","locations":[{"start":{"line":29,"column":2},"end":{"line":31,"column":3}},{"start":{"line":29,"column":2},"end":{"line":31,"column":3}}],"line":29}},"s":{"0":1,"1":1,"2":1,"3":1,"4":1,"5":1,"6":1,"7":1,"8":0,"9":1,"10":1,"11":2,"12":1,"13":1,"14":1,"15":1,"16":1,"17":1,"18":1,"19":1},"f":{"0":2,"1":1,"2":1},"b":{"0":[1,0],"1":[0,1],"2":[2,2,1],"3":[1,0]},"_coverageSchema":"1a1c01bbd47fc00a2c39e90264f33305004495a9","hash":"4220028afaa522f4f0b689b4941e59dbc6de0454"}
,"C:\\Softwares\\code\\BodhiBookingService\\src\\service\\booking.service.js": {"path":"C:\\Softwares\\code\\BodhiBookingService\\src\\service\\booking.service.js","statementMap":{"0":{"start":{"line":1,"column":15},"end":{"line":1,"column":35}},"1":{"start":{"line":2,"column":16},"end":{"line":2,"column":30}},"2":{"start":{"line":3,"column":18},"end":{"line":3,"column":51}},"3":{"start":{"line":4,"column":54},"end":{"line":4,"column":70}},"4":{"start":{"line":5,"column":46},"end":{"line":5,"column":61}},"5":{"start":{"line":7,"column":0},"end":{"line":34,"column":2}},"6":{"start":{"line":8,"column":22},"end":{"line":8,"column":84}},"7":{"start":{"line":9,"column":2},"end":{"line":9,"column":104}},"8":{"start":{"line":10,"column":2},"end":{"line":33,"column":3}},"9":{"start":{"line":11,"column":4},"end":{"line":29,"column":5}},"10":{"start":{"line":12,"column":30},"end":{"line":12,"column":83}},"11":{"start":{"line":13,"column":6},"end":{"line":25,"column":7}},"12":{"start":{"line":14,"column":8},"end":{"line":16,"column":9}},"13":{"start":{"line":15,"column":10},"end":{"line":15,"column":44}},"14":{"start":{"line":18,"column":8},"end":{"line":24,"column":11}},"15":{"start":{"line":19,"column":10},"end":{"line":19,"column":58}},"16":{"start":{"line":20,"column":10},"end":{"line":20,"column":33}},"17":{"start":{"line":22,"column":10},"end":{"line":22,"column":56}},"18":{"start":{"line":23,"column":10},"end":{"line":23,"column":54}},"19":{"start":{"line":28,"column":6},"end":{"line":28,"column":47}},"20":{"start":{"line":31,"column":4},"end":{"line":31,"column":58}},"21":{"start":{"line":32,"column":4},"end":{"line":32,"column":20}},"22":{"start":{"line":36,"column":0},"end":{"line":63,"column":2}},"23":{"start":{"line":37,"column":2},"end":{"line":62,"column":3}},"24":{"start":{"line":38,"column":4},"end":{"line":44,"column":5}},"25":{"start":{"line":39,"column":6},"end":{"line":39,"column":91}},"26":{"start":{"line":39,"column":50},"end":{"line":39,"column":91}},"27":{"start":{"line":40,"column":11},"end":{"line":44,"column":5}},"28":{"start":{"line":41,"column":6},"end":{"line":41,"column":85}},"29":{"start":{"line":41,"column":44},"end":{"line":41,"column":85}},"30":{"start":{"line":43,"column":6},"end":{"line":43,"column":47}},"31":{"start":{"line":45,"column":23},"end":{"line":45,"column":119}},"32":{"start":{"line":46,"column":4},"end":{"line":58,"column":5}},"33":{"start":{"line":47,"column":6},"end":{"line":47,"column":68}},"34":{"start":{"line":48,"column":6},"end":{"line":54,"column":10}},"35":{"start":{"line":50,"column":10},"end":{"line":50,"column":69}},"36":{"start":{"line":52,"column":10},"end":{"line":52,"column":70}},"37":{"start":{"line":53,"column":10},"end":{"line":53,"column":41}},"38":{"start":{"line":57,"column":6},"end":{"line":57,"column":34}},"39":{"start":{"line":60,"column":4},"end":{"line":60,"column":67}},"40":{"start":{"line":61,"column":4},"end":{"line":61,"column":20}},"41":{"start":{"line":65,"column":0},"end":{"line":78,"column":1}},"42":{"start":{"line":66,"column":20},"end":{"line":66,"column":27}},"43":{"start":{"line":67,"column":17},"end":{"line":67,"column":26}},"44":{"start":{"line":68,"column":16},"end":{"line":68,"column":48}},"45":{"start":{"line":70,"column":2},"end":{"line":76,"column":6}},"46":{"start":{"line":72,"column":6},"end":{"line":72,"column":36}},"47":{"start":{"line":74,"column":6},"end":{"line":74,"column":67}},"48":{"start":{"line":75,"column":6},"end":{"line":75,"column":22}}},"fnMap":{"0":{"name":"(anonymous_0)","decl":{"start":{"line":7,"column":24},"end":{"line":7,"column":25}},"loc":{"start":{"line":7,"column":124},"end":{"line":34,"column":1}},"line":7},"1":{"name":"(anonymous_1)","decl":{"start":{"line":18,"column":47},"end":{"line":18,"column":48}},"loc":{"start":{"line":18,"column":57},"end":{"line":21,"column":9}},"line":18},"2":{"name":"(anonymous_2)","decl":{"start":{"line":21,"column":17},"end":{"line":21,"column":18}},"loc":{"start":{"line":21,"column":26},"end":{"line":24,"column":9}},"line":21},"3":{"name":"(anonymous_3)","decl":{"start":{"line":36,"column":24},"end":{"line":36,"column":25}},"loc":{"start":{"line":36,"column":124},"end":{"line":63,"column":1}},"line":36},"4":{"name":"(anonymous_4)","decl":{"start":{"line":49,"column":14},"end":{"line":49,"column":15}},"loc":{"start":{"line":49,"column":26},"end":{"line":51,"column":9}},"line":49},"5":{"name":"(anonymous_5)","decl":{"start":{"line":51,"column":17},"end":{"line":51,"column":18}},"loc":{"start":{"line":51,"column":26},"end":{"line":54,"column":9}},"line":51},"6":{"name":"(anonymous_6)","decl":{"start":{"line":65,"column":22},"end":{"line":65,"column":23}},"loc":{"start":{"line":65,"column":81},"end":{"line":78,"column":1}},"line":65},"7":{"name":"(anonymous_7)","decl":{"start":{"line":71,"column":10},"end":{"line":71,"column":11}},"loc":{"start":{"line":71,"column":30},"end":{"line":73,"column":5}},"line":71},"8":{"name":"(anonymous_8)","decl":{"start":{"line":73,"column":13},"end":{"line":73,"column":14}},"loc":{"start":{"line":73,"column":22},"end":{"line":76,"column":5}},"line":73}},"branchMap":{"0":{"loc":{"start":{"line":11,"column":4},"end":{"line":29,"column":5}},"type":"if","locations":[{"start":{"line":11,"column":4},"end":{"line":29,"column":5}},{"start":{"line":11,"column":4},"end":{"line":29,"column":5}}],"line":11},"1":{"loc":{"start":{"line":13,"column":6},"end":{"line":25,"column":7}},"type":"if","locations":[{"start":{"line":13,"column":6},"end":{"line":25,"column":7}},{"start":{"line":13,"column":6},"end":{"line":25,"column":7}}],"line":13},"2":{"loc":{"start":{"line":14,"column":8},"end":{"line":16,"column":9}},"type":"if","locations":[{"start":{"line":14,"column":8},"end":{"line":16,"column":9}},{"start":{"line":14,"column":8},"end":{"line":16,"column":9}}],"line":14},"3":{"loc":{"start":{"line":38,"column":4},"end":{"line":44,"column":5}},"type":"if","locations":[{"start":{"line":38,"column":4},"end":{"line":44,"column":5}},{"start":{"line":38,"column":4},"end":{"line":44,"column":5}}],"line":38},"4":{"loc":{"start":{"line":39,"column":6},"end":{"line":39,"column":91}},"type":"if","locations":[{"start":{"line":39,"column":6},"end":{"line":39,"column":91}},{"start":{"line":39,"column":6},"end":{"line":39,"column":91}}],"line":39},"5":{"loc":{"start":{"line":40,"column":11},"end":{"line":44,"column":5}},"type":"if","locations":[{"start":{"line":40,"column":11},"end":{"line":44,"column":5}},{"start":{"line":40,"column":11},"end":{"line":44,"column":5}}],"line":40},"6":{"loc":{"start":{"line":41,"column":6},"end":{"line":41,"column":85}},"type":"if","locations":[{"start":{"line":41,"column":6},"end":{"line":41,"column":85}},{"start":{"line":41,"column":6},"end":{"line":41,"column":85}}],"line":41},"7":{"loc":{"start":{"line":46,"column":4},"end":{"line":58,"column":5}},"type":"if","locations":[{"start":{"line":46,"column":4},"end":{"line":58,"column":5}},{"start":{"line":46,"column":4},"end":{"line":58,"column":5}}],"line":46},"8":{"loc":{"start":{"line":66,"column":20},"end":{"line":66,"column":27}},"type":"binary-expr","locations":[{"start":{"line":66,"column":20},"end":{"line":66,"column":22}},{"start":{"line":66,"column":26},"end":{"line":66,"column":27}}],"line":66},"9":{"loc":{"start":{"line":67,"column":17},"end":{"line":67,"column":26}},"type":"binary-expr","locations":[{"start":{"line":67,"column":17},"end":{"line":67,"column":21}},{"start":{"line":67,"column":25},"end":{"line":67,"column":26}}],"line":67}},"s":{"0":1,"1":1,"2":1,"3":1,"4":1,"5":1,"6":4,"7":4,"8":4,"9":4,"10":3,"11":3,"12":1,"13":1,"14":2,"15":2,"16":2,"17":0,"18":0,"19":1,"20":2,"21":2,"22":1,"23":2,"24":2,"25":2,"26":0,"27":0,"28":0,"29":0,"30":0,"31":2,"32":2,"33":1,"34":1,"35":1,"36":0,"37":0,"38":1,"39":1,"40":1,"41":1,"42":1,"43":1,"44":1,"45":1,"46":1,"47":0,"48":0},"f":{"0":4,"1":2,"2":0,"3":2,"4":1,"5":0,"6":1,"7":1,"8":0},"b":{"0":[3,1],"1":[1,2],"2":[1,0],"3":[2,0],"4":[0,2],"5":[0,0],"6":[0,0],"7":[1,1],"8":[1,0],"9":[1,0]},"_coverageSchema":"1a1c01bbd47fc00a2c39e90264f33305004495a9","hash":"f16b50e8da56776f559e53150273d0ce9147add1"}
}
